Worker Inited...!<br>
2016-12-06 07:00:01am<br>
Autenticated Client: albertoreyesd1984 <br>
<br>
<br>
Autenticated Client: josergm86 <br>
<br>
<br>
Autenticated Client: pedropetti <br>
<br>
<br>
Autenticated Client: marbesth <br>
<br>
<br>
 NOT Autenticated Client!!!: lojadotorcedor <br>
<br>
<br>
Autenticated Client: vaniapetti <br>
<br>
<br>
Autenticated Client: jeff_need <br>
<br>
<br>
Autenticated Client: centraldeaplicativos <br>
<br>
<br>
Autenticated Client: opiniaoconservadora <br>
<br>
<br>
Autenticated Client: micmicnews <br>
<br>
<br>
Autenticated Client: droneboy.tv <br>
<br>
<br>
Autenticated Client: tompsonr <br>
<br>
<br>
Autenticated Client: julianadagostini <br>
<br>
<br>
Autenticated Client: programahashtag <br>
<br>
<br>
Autenticated Client: djrhuivo <br>
<br>
<br>
Autenticated Client: baladauberlandia <br>
<br>
<br>
Autenticated Client: equilibriumactivewearbrasil <br>
<br>
<br>
Autenticated Client: uberlandiashow <br>
<br>
<br>
Autenticated Client: spazio_laboratorio <br>
<br>
<br>
Autenticated Client: calleamerica_ <br>
<br>
<br>
Autenticated Client: gurudosucesso <br>
<br>
<br>
Autenticated Client: xandafogaca <br>
<br>
<br>
Autenticated Client: prettymommy.blog <br>
<br>
<br>
Autenticated Client: nandahdaz <br>
<br>
<br>
Autenticated Client: heyek.j <br>
<br>
<br>
Autenticated Client: homemconceitual <br>
<br>
<br>
Autenticated Client: santatemakeria <br>
<br>
<br>
Autenticated Client: mindpowerbrasil <br>
<br>
<br>
Autenticated Client: jandeoliveiraoficial <br>
<br>
<br>
Autenticated Client: mariahcarmello <br>
<br>
<br>
Autenticated Client: the.vinnie <br>
<br>
<br>
Autenticated Client: _doradorallice <br>
<br>
<br>
Autenticated Client: graciaalonsoplus <br>
<br>
<br>
Autenticated Client: amandamaaira <br>
<br>
<br>
Autenticated Client: invittconvites <br>
<br>
<br>
Autenticated Client: avidaeflorida <br>
<br>
<br>
Autenticated Client: cruzfc <br>
<br>
<br>
Autenticated Client: noivaemforma <br>
<br>
Not reference profiles: noivaemforma <br>
<br>
<br>
Autenticated Client: alineacomunicacao <br>
<br>
<br>
Autenticated Client: joaovitoreedsonoficial <br>
<br>
<br>
Autenticated Client: dona_fina <br>
<br>
<br>
Autenticated Client: auepromocoes <br>
<br>
<br>
Autenticated Client: rodrigobering <br>
<br>
Not reference profiles: rodrigobering <br>
<br>
<br>
Autenticated Client: jeunesse_bycrislafratta <br>
<br>
Not reference profiles: jeunesse_bycrislafratta <br>
<br>
<br>
Autenticated Client: personalcarolribas <br>
<br>
<br>
Autenticated Client: cuellasinteriores <br>
<br>
<br>
Autenticated Client: polpasempreviva <br>
<br>
<br>
Autenticated Client: boatebus <br>
<br>
<br>
Autenticated Client: samiilly_ <br>
<br>
<br>
Autenticated Client: wonderbloggers <br>
<br>
<br>
Autenticated Client: iclothesbsb <br>
<br>
<br>
Autenticated Client: paulo.hendel <br>
<br>
Not reference profiles: paulo.hendel <br>
<br>
<br>
Autenticated Client: thaissadalmeidaa <br>
<br>
Not reference profiles: thaissadalmeidaa <br>
<br>
<br>
Autenticated Client: valentinaeosanimais <br>
<br>
<br>
Autenticated Client: arissonraiol <br>
<br>
<br>
Autenticated Client: powerlook_ <br>
<br>
<br>
Autenticated Client: mari_rizzardi <br>
<br>
<br>
Autenticated Client: redeimplanterio <br>
<br>
<br>
Autenticated Client: urpia <br>
<br>
<br>
Autenticated Client: rafarezendee <br>
<br>
Not reference profiles: rafarezendee <br>
<br>
<br>
Autenticated Client: xodozinho.retratos <br>
<br>
<br>
Autenticated Client: caroldavilamkp <br>
<br>
<br>
Autenticated Client: masso_terapias <br>
<br>
<br>
 NOT Autenticated Client!!!: _mariprestes <br>
<br>
<br>
Client: 241 <br>
<br>
nRef Profil: kiolo<br>
 Count: 0 Hasnext: 0 - 2016-12-06 07:10:35am<br>
 make_insta_friendships_command UNFOLLOW <br>
<br>
make_insta_friendships_command FOLLOW <br>
array(1) {
  [0]=>
  string(16) "{"status": "ok"}"
}
array(1) {
  [0]=>
  string(16) "{"status": "ok"}"
}
string(1532) "curl ''https://www.instagram.com/query/'' -H 'Cookie: mid=WEZjOQAEAAEHmbGap2o24ec-kv-O; sessionid=IGSCb65d12add4885089fdf3b5dd280b53233e07edea34333d8597c9479dccbca8df%3A9Rhd79NiQZnXJjrG7gTI6TJShReweVCp%3A%7B%22_token_ver%22%3A2%2C%22_auth_user_id%22%3A3973678%2C%22_token%22%3A%223973678%3A9jZUQ8NF4fuCWhVAjORPws6xUYl8V9Rz%3A80f3df32ae4ce8a94ef758c39337080a0c2aae87ddf3145a6e0cd01e8ab89b4a%22%2C%22_auth_user_backend%22%3A%22accounts.backends.CaseInsensitiveModelBackend%22%2C%22last_refreshed%22%3A1481007930.009954%2C%22_platform%22%3A4%2C%22_auth_user_hash%22%3A%22%22%7D; s_network=; ig_pr=1; ig_vw=1855; csrftoken=LAb1MgX6YuqwLO3QZCYXcP4rszFdQWSh; ds_user_id=3973678' -H 'Origin: https://www.instagram.com' -H 'Accept-Encoding: gzip, deflate' -H 'Accept-Language: pt-BR,pt;q=0.8,en-US;q=0.6,en;q=0.4' -H 'User-Agent: Mozilla/5.0 (X11; Ubuntu; Linux x86_64; rv:49.0) Gecko/20100101 Firefox/49.0' -H 'X-Requested-with: XMLHttpRequest' -H 'X-CSRFToken: LAb1MgX6YuqwLO3QZCYXcP4rszFdQWSh' -H 'X-Instagram-ajax: 1' -H 'content-type: application/x-www-form-urlencoded' -H 'Accept: */*' -H 'Referer: https://www.instagram.com/' -H 'Authority: www.instagram.com' --data 'q=ig_user(2671876)+%7B%0A++followed_by.first(10)+%7B%0A++++count%2C%0A++++page_info+%7B%0A++++++end_cursor%2C%0A++++++has_next_page%0A++++%7D%2C%0A++++nodes+%7B%0A++++++id%2C%0A++++++is_verified%2C%0A++++++followed_by_viewer%2C%0A+requested_by_viewer%2C%0A++++++full_name%2C%0A+++username%0A++++%7D%0A++%7D%0A%7D%0A&ref=relationships%3A%3Afollow_list' --compressed "
<br />
<b>Notice</b>:  Undefined variable: DB in <b>/opt/lampp/htdocs/dumbu/worker/class/Robot.php</b> on line <b>304</b><br />
<br />
<b>Fatal error</b>:  Uncaught Error: Call to a member function update_reference_cursor() on null in /opt/lampp/htdocs/dumbu/worker/class/Robot.php:304
Stack trace:
#0 /opt/lampp/htdocs/dumbu/worker/class/Robot.php(143): dumbu\cls\Robot-&gt;get_insta_followers(Object(stdClass), '2671876', 10, NULL)
#1 /opt/lampp/htdocs/dumbu/worker/class/Worker.php(167): dumbu\cls\Robot-&gt;do_follow_unfollow_work(Array, Object(stdClass))
#2 /opt/lampp/htdocs/dumbu/worker/class/Worker.php(246): dumbu\cls\Worker-&gt;do_follow_unfollow_work(Object(stdClass))
#3 /opt/lampp/htdocs/dumbu/worker/index.php(42): dumbu\cls\Worker-&gt;do_work()
#4 {main}
  thrown in <b>/opt/lampp/htdocs/dumbu/worker/class/Robot.php</b> on line <b>304</b><br />
